{
  "RSpec": {
    "coverage": {
      "/Users/garedean/Desktop/potluck_proto/spec/features/add_inventory_pages_spec.rb": [
        1,
        null,
        1,
        1,
        1,
        1,
        null,
        null,
        1,
        null,
        null,
        null,
        1,
        1,
        1,
        1,
        1,
        1,
        null,
        null
      ],
      "/Users/garedean/Desktop/potluck_proto/spec/rails_helper.rb": [
        null,
        1,
        1,
        null,
        1,
        1,
        1,
        null,
        null,
        1,
        1,
        null,
        null,
        null,
        null,
        null,
        null,
        null,
        null,
        null,
        null,
        null,
        null,
        null,
        null,
        null,
        null,
        null,
        null,
        null,
        null,
        null,
        1,
        null,
        1,
        null,
        1,
        null,
        null,
        null,
        null,
        1,
        null,
        null,
        null,
        null,
        null,
        null,
        null,
        null,
        null,
        null,
        null,
        null,
        null,
        null,
        1,
        null
      ],
      "/Users/garedean/Desktop/potluck_proto/config/environment.rb": [
        null,
        1,
        null,
        null,
        1
      ],
      "/Users/garedean/Desktop/potluck_proto/config/application.rb": [
        1,
        null,
        1,
        null,
        null,
        null,
        1,
        null,
        1,
        1,
        null,
        null,
        null,
        null,
        null,
        null,
        null,
        null,
        null,
        null,
        null,
        null,
        null,
        1,
        null,
        null
      ],
      "/Users/garedean/Desktop/potluck_proto/config/boot.rb": [
        1,
        null,
        1
      ],
      "/Users/garedean/Desktop/potluck_proto/config/environments/test.rb": [
        1,
        null,
        null,
        null,
        null,
        null,
        null,
        1,
        null,
        null,
        null,
        null,
        1,
        null,
        null,
        1,
        1,
        null,
        null,
        1,
        1,
        null,
        null,
        1,
        null,
        null,
        1,
        null,
        null,
        null,
        null,
        1,
        null,
        null,
        1,
        null,
        null,
        1,
        null,
        null,
        null,
        null
      ],
      "/Users/garedean/Desktop/potluck_proto/config/initializers/assets.rb": [
        null,
        null,
        null,
        1,
        null,
        null,
        null,
        null,
        null,
        null,
        null
      ],
      "/Users/garedean/Desktop/potluck_proto/config/initializers/backtrace_silencers.rb": [
        null,
        null,
        null,
        null,
        null,
        null,
        null
      ],
      "/Users/garedean/Desktop/potluck_proto/config/initializers/cookies_serializer.rb": [
        null,
        null,
        1
      ],
      "/Users/garedean/Desktop/potluck_proto/config/initializers/filter_parameter_logging.rb": [
        null,
        null,
        null,
        1
      ],
      "/Users/garedean/Desktop/potluck_proto/config/initializers/inflections.rb": [
        null,
        null,
        null,
        null,
        null,
        null,
        null,
        null,
        null,
        null,
        null,
        null,
        null,
        null,
        null,
        null
      ],
      "/Users/garedean/Desktop/potluck_proto/config/initializers/mime_types.rb": [
        null,
        null,
        null,
        null
      ],
      "/Users/garedean/Desktop/potluck_proto/config/initializers/session_store.rb": [
        null,
        null,
        1
      ],
      "/Users/garedean/Desktop/potluck_proto/config/initializers/wrap_parameters.rb": [
        null,
        null,
        null,
        null,
        null,
        null,
        1,
        1,
        null,
        null,
        null,
        null,
        null,
        null
      ],
      "/Users/garedean/Desktop/potluck_proto/spec/factories.rb": [
        1,
        1,
        1,
        1,
        1,
        null,
        null,
        1,
        1,
        1,
        1,
        null,
        null,
        1,
        1,
        1,
        1,
        null,
        null
      ],
      "/Users/garedean/Desktop/potluck_proto/app/models/category.rb": [
        1,
        1,
        null,
        1,
        0,
        0,
        null,
        0,
        null,
        null,
        null,
        1,
        0,
        null,
        null
      ],
      "/Users/garedean/Desktop/potluck_proto/config/routes.rb": [
        1,
        1,
        1,
        null,
        1,
        1,
        null,
        null
      ],
      "/Users/garedean/Desktop/potluck_proto/app/helpers/application_helper.rb": [
        1,
        null
      ],
      "/Users/garedean/Desktop/potluck_proto/app/controllers/home_controller.rb": [
        1,
        1,
        null,
        null,
        null
      ],
      "/Users/garedean/Desktop/potluck_proto/app/controllers/application_controller.rb": [
        1,
        null,
        null,
        1,
        null
      ],
      "/Users/garedean/Desktop/potluck_proto/app/controllers/categories_controller.rb": [
        1,
        1,
        1,
        null,
        null,
        1,
        2,
        2,
        null,
        null
      ],
      "/Users/garedean/Desktop/potluck_proto/app/models/ingredient.rb": [
        1,
        1,
        null,
        1,
        0,
        null,
        null,
        null
      ],
      "/Users/garedean/Desktop/potluck_proto/app/controllers/ingredients_controller.rb": [
        1,
        null,
        1,
        0,
        null,
        null,
        1,
        1,
        null,
        null,
        1,
        0,
        0,
        0,
        0,
        null,
        0,
        null,
        null,
        null,
        1,
        null,
        1,
        0,
        null,
        null,
        null
      ]
    },
    "timestamp": 1438292800
  }
}
